Wed, 02 Aug 2017 12:37:52 collector.py[line:90] CRITICAL This is the 1 time to start:2017-08-02 12:37:52
Wed, 02 Aug 2017 12:37:54 collector.py[line:69] CRITICAL download ‘¡HMT848_0.jpg
Wed, 02 Aug 2017 12:38:05 collector.py[line:69] CRITICAL download ‘¡WSK518_1.jpg
Wed, 02 Aug 2017 12:38:16 collector.py[line:69] CRITICAL download ‘¡WSK518_2.jpg
Wed, 02 Aug 2017 12:38:17 collector.py[line:69] CRITICAL download ‘¡B582LM_3.jpg
Wed, 02 Aug 2017 12:38:23 collector.py[line:69] CRITICAL download ‘¡B582LM_4.jpg
Wed, 02 Aug 2017 12:38:25 collector.py[line:69] CRITICAL download ’„EQK833_5.jpg
Wed, 02 Aug 2017 12:38:34 collector.py[line:69] CRITICAL download ’„EQK833_6.jpg
Wed, 02 Aug 2017 12:38:46 collector.py[line:69] CRITICAL download ’„EQK833_7.jpg
Wed, 02 Aug 2017 12:38:48 collector.py[line:69] CRITICAL download ’„EQK833_8.jpg
Wed, 02 Aug 2017 12:39:00 collector.py[line:69] CRITICAL download ‘¡BY35R5_9.jpg
Wed, 02 Aug 2017 12:39:01 collector.py[line:69] CRITICAL download ‘¡BY35R5_10.jpg
Wed, 02 Aug 2017 12:39:02 collector.py[line:69] CRITICAL download …¬DXL222_11.jpg
Wed, 02 Aug 2017 12:39:04 collector.py[line:69] CRITICAL download ‘¡DHL820_12.jpg
Wed, 02 Aug 2017 12:39:05 collector.py[line:69] CRITICAL download ‘¡DHL820_13.jpg
Wed, 02 Aug 2017 12:39:17 collector.py[line:69] CRITICAL download ‘¡DHL820_14.jpg
Wed, 02 Aug 2017 12:39:18 collector.py[line:69] CRITICAL download ‘¡DHL820_15.jpg
Wed, 02 Aug 2017 12:39:30 collector.py[line:69] CRITICAL download ‘¡DHL820_16.jpg
Wed, 02 Aug 2017 12:39:42 collector.py[line:69] CRITICAL download ‘¡DHL820_17.jpg
Wed, 02 Aug 2017 12:39:54 collector.py[line:69] CRITICAL download ‘¡DHL820_18.jpg
Wed, 02 Aug 2017 12:39:55 collector.py[line:69] CRITICAL download ‘¡DHL820_19.jpg
Wed, 02 Aug 2017 12:40:07 collector.py[line:69] CRITICAL download ‘¡S0676W_20.jpg
Wed, 02 Aug 2017 12:40:09 collector.py[line:69] CRITICAL download ‘¡S0676W_21.jpg
Wed, 02 Aug 2017 12:40:13 collector.py[line:69] CRITICAL download ‘•A57QK7_22.jpg
Wed, 02 Aug 2017 12:40:13 collector.py[line:69] CRITICAL download ºΩB46Z55_23.jpg
Wed, 02 Aug 2017 12:40:14 collector.py[line:69] CRITICAL download ºΩB46Z55_24.jpg
Wed, 02 Aug 2017 12:40:15 collector.py[line:69] CRITICAL download ºΩB46Z55_25.jpg
Wed, 02 Aug 2017 12:41:55 collector.py[line:90] CRITICAL This is the 2 time to start:2017-08-02 12:41:55
Wed, 02 Aug 2017 12:41:57 collector.py[line:69] CRITICAL download √ˆAXZ099_0.jpg
Wed, 02 Aug 2017 12:42:09 collector.py[line:69] CRITICAL download √ˆAXZ099_1.jpg
Wed, 02 Aug 2017 12:42:10 collector.py[line:69] CRITICAL download √ˆAXZ099_2.jpg
